<?xml version="1.0" encoding="UTF-8"?>
<coverage generated="1635214235">
  <project timestamp="1635214235">
    <file name="/home/red_beard/Desktop/PHP/Packages/LaravelKyanda/src/Console/InstallCommand.php">
      <class name="Nabcellent\Kyanda\Console\InstallCommand" namespace="global">
        <metrics complexity="4" methods="2" coveredmethods="2" conditionals="0" coveredconditionals="0" statements="13" coveredstatements="13" elements="15" coveredelements="15"/>
      </class>
      <line num="30" type="method" name="handle" visibility="public" complexity="3" crap="3" count="3"/>
      <line num="32" type="stmt" count="3"/>
      <line num="34" type="stmt" count="3"/>
      <line num="36" type="stmt" count="3"/>
      <line num="37" type="stmt" count="2"/>
      <line num="38" type="stmt" count="1"/>
      <line num="39" type="stmt" count="1"/>
      <line num="41" type="stmt" count="2"/>
      <line num="44" type="stmt" count="1"/>
      <line num="45" type="stmt" count="1"/>
      <line num="46" type="stmt" count="1"/>
      <line num="49" type="stmt" count="3"/>
      <line num="50" type="stmt" count="3"/>
      <line num="52" type="method" name="shouldOverwriteConfig" visibility="private" complexity="1" crap="1" count="2"/>
      <line num="54" type="stmt" count="2"/>
      <metrics loc="56" ncloc="41" classes="1" methods="2" coveredmethods="2" conditionals="0" coveredconditionals="0" statements="13" coveredstatements="13" elements="15" coveredelements="15"/>
    </file>
    <file name="/home/red_beard/Desktop/PHP/Packages/LaravelKyanda/src/Console/TransactionStatusCommand.php">
      <class name="Nabcellent\Kyanda\Console\TransactionStatusCommand" namespace="global">
        <metrics complexity="2" methods="2" coveredmethods="1" conditionals="0" coveredconditionals="0" statements="6" coveredstatements="3" elements="8" coveredelements="4"/>
      </class>
      <line num="38" type="method" name="__construct" visibility="public" complexity="1" crap="1" count="32"/>
      <line num="40" type="stmt" count="32"/>
      <line num="41" type="stmt" count="32"/>
      <line num="42" type="stmt" count="32"/>
      <line num="48" type="method" name="handle" visibility="public" complexity="1" crap="2" count="0"/>
      <line num="50" type="stmt" count="0"/>
      <line num="52" type="stmt" count="0"/>
      <line num="53" type="stmt" count="0"/>
      <metrics loc="54" ncloc="27" classes="1" methods="2" coveredmethods="1" conditionals="0" coveredconditionals="0" statements="6" coveredstatements="3" elements="8" coveredelements="4"/>
    </file>
    <file name="/home/red_beard/Desktop/PHP/Packages/LaravelKyanda/src/Events/KyandaRequestEvent.php">
      <class name="Nabcellent\Kyanda\Events\KyandaRequestEvent" namespace="global">
        <metrics complexity="1" methods="1" coveredmethods="1" conditionals="0" coveredconditionals="0" statements="2" coveredstatements="2" elements="3" coveredelements="3"/>
      </class>
      <line num="19" type="method" name="__construct" visibility="public" complexity="1" crap="1" count="3"/>
      <line num="21" type="stmt" count="3"/>
      <metrics loc="22" ncloc="19" classes="1" methods="1" coveredmethods="1" conditionals="0" coveredconditionals="0" statements="2" coveredstatements="2" elements="3" coveredelements="3"/>
    </file>
    <file name="/home/red_beard/Desktop/PHP/Packages/LaravelKyanda/src/Events/KyandaTransactionFailedEvent.php">
      <class name="Nabcellent\Kyanda\Events\KyandaTransactionFailedEvent" namespace="global">
        <metrics complexity="1" methods="0" coveredmethods="0" conditionals="0" coveredconditionals="0" statements="0" coveredstatements="0" elements="0" coveredelements="0"/>
      </class>
      <metrics loc="24" ncloc="20" classes="0" methods="0" coveredmethods="0" conditionals="0" coveredconditionals="0" statements="0" coveredstatements="0" elements="0" coveredelements="0"/>
    </file>
    <file name="/home/red_beard/Desktop/PHP/Packages/LaravelKyanda/src/Events/KyandaTransactionSuccessEvent.php">
      <class name="Nabcellent\Kyanda\Events\KyandaTransactionSuccessEvent" namespace="global">
        <metrics complexity="1" methods="0" coveredmethods="0" conditionals="0" coveredconditionals="0" statements="0" coveredstatements="0" elements="0" coveredelements="0"/>
      </class>
      <metrics loc="22" ncloc="19" classes="0" methods="0" coveredmethods="0" conditionals="0" coveredconditionals="0" statements="0" coveredstatements="0" elements="0" coveredelements="0"/>
    </file>
    <file name="/home/red_beard/Desktop/PHP/Packages/LaravelKyanda/src/Exceptions/KyandaException.php">
      <class name="Nabcellent\Kyanda\Exceptions\KyandaException" namespace="global">
        <metrics complexity="0" methods="0" coveredmethods="0" conditionals="0" coveredconditionals="0" statements="0" coveredstatements="0" elements="0" coveredelements="0"/>
      </class>
      <metrics loc="14" ncloc="9" classes="0" methods="0" coveredmethods="0" conditionals="0" coveredconditionals="0" statements="0" coveredstatements="0" elements="0" coveredelements="0"/>
    </file>
    <file name="/home/red_beard/Desktop/PHP/Packages/LaravelKyanda/src/Facades/Account.php">
      <class name="Nabcellent\Kyanda\Facades\Account" namespace="global">
        <metrics complexity="1" methods="1" coveredmethods="1" conditionals="0" coveredconditionals="0" statements="1" coveredstatements="1" elements="2" coveredelements="2"/>
      </class>
      <line num="15" type="method" name="getFacadeAccessor" visibility="protected" complexity="1" crap="1" count="1"/>
      <line num="17" type="stmt" count="1"/>
      <metrics loc="19" ncloc="13" classes="1" methods="1" coveredmethods="1" conditionals="0" coveredconditionals="0" statements="1" coveredstatements="1" elements="2" coveredelements="2"/>
    </file>
    <file name="/home/red_beard/Desktop/PHP/Packages/LaravelKyanda/src/Facades/Core.php">
      <class name="Nabcellent\Kyanda\Facades\Core" namespace="global">
        <metrics complexity="1" methods="1" coveredmethods="1" conditionals="0" coveredconditionals="0" statements="1" coveredstatements="1" elements="2" coveredelements="2"/>
      </class>
      <line num="9" type="method" name="getFacadeAccessor" visibility="protected" complexity="1" crap="1" count="8"/>
      <line num="11" type="stmt" count="8"/>
      <metrics loc="13" ncloc="13" classes="1" methods="1" coveredmethods="1" conditionals="0" coveredconditionals="0" statements="1" coveredstatements="1" elements="2" coveredelements="2"/>
    </file>
    <file name="/home/red_beard/Desktop/PHP/Packages/LaravelKyanda/src/Facades/Notification.php">
      <class name="Nabcellent\Kyanda\Facades\Notification" namespace="global">
        <metrics complexity="1" methods="1" coveredmethods="1" conditionals="0" coveredconditionals="0" statements="1" coveredstatements="1" elements="2" coveredelements="2"/>
      </class>
      <line num="14" type="method" name="getFacadeAccessor" visibility="protected" complexity="1" crap="1" count="1"/>
      <line num="16" type="stmt" count="1"/>
      <metrics loc="18" ncloc="13" classes="1" methods="1" coveredmethods="1" conditionals="0" coveredconditionals="0" statements="1" coveredstatements="1" elements="2" coveredelements="2"/>
    </file>
    <file name="/home/red_beard/Desktop/PHP/Packages/LaravelKyanda/src/Facades/Utility.php">
      <class name="Nabcellent\Kyanda\Facades\Utility" namespace="global">
        <metrics complexity="1" methods="1" coveredmethods="1" conditionals="0" coveredconditionals="0" statements="1" coveredstatements="1" elements="2" coveredelements="2"/>
      </class>
      <line num="16" type="method" name="getFacadeAccessor" visibility="protected" complexity="1" crap="1" count="1"/>
      <line num="18" type="stmt" count="1"/>
      <metrics loc="20" ncloc="14" classes="1" methods="1" coveredmethods="1" conditionals="0" coveredconditionals="0" statements="1" coveredstatements="1" elements="2" coveredelements="2"/>
    </file>
    <file name="/home/red_beard/Desktop/PHP/Packages/LaravelKyanda/src/Http/Controllers/Controller.php">
      <class name="Nabcellent\Kyanda\Http\Controllers\Controller" namespace="global">
        <metrics complexity="10" methods="7" coveredmethods="0" conditionals="0" coveredconditionals="0" statements="17" coveredstatements="0" elements="24" coveredelements="0"/>
      </class>
      <line num="32" type="method" name="accountBalance" visibility="public" complexity="1" crap="2" count="0"/>
      <line num="34" type="stmt" count="0"/>
      <line num="42" type="method" name="transactionStatus" visibility="public" complexity="2" crap="6" count="0"/>
      <line num="44" type="stmt" count="0"/>
      <line num="45" type="stmt" count="0"/>
      <line num="48" type="stmt" count="0"/>
      <line num="57" type="method" name="airtimePurchase" visibility="public" complexity="1" crap="2" count="0"/>
      <line num="59" type="stmt" count="0"/>
      <line num="70" type="stmt" count="0"/>
      <line num="76" type="method" name="billPayment" visibility="public" complexity="1" crap="2" count="0"/>
      <line num="78" type="stmt" count="0"/>
      <line num="92" type="stmt" count="0"/>
      <line num="108" type="method" name="registerCallbackURL" visibility="public" complexity="1" crap="2" count="0"/>
      <line num="110" type="stmt" count="0"/>
      <line num="116" type="stmt" count="0"/>
      <line num="119" type="method" name="instantPaymentNotification" visibility="public" complexity="2" crap="6" count="0"/>
      <line num="121" type="stmt" count="0"/>
      <line num="122" type="stmt" count="0"/>
      <line num="123" type="stmt" count="0"/>
      <line num="124" type="stmt" count="0"/>
      <line num="133" type="method" name="validateRequest" visibility="public" complexity="2" crap="6" count="0"/>
      <line num="135" type="stmt" count="0"/>
      <line num="137" type="stmt" count="0"/>
      <line num="138" type="stmt" count="0"/>
      <metrics loc="141" ncloc="112" classes="1" methods="7" coveredmethods="0" conditionals="0" coveredconditionals="0" statements="17" coveredstatements="0" elements="24" coveredelements="0"/>
    </file>
    <file name="/home/red_beard/Desktop/PHP/Packages/LaravelKyanda/src/Http/routes.php">
      <line num="6" type="stmt" count="35"/>
      <line num="7" type="stmt" count="35"/>
      <line num="8" type="stmt" count="35"/>
      <line num="10" type="stmt" count="35"/>
      <line num="11" type="stmt" count="35"/>
      <line num="17" type="stmt" count="35"/>
      <line num="18" type="stmt" count="35"/>
      <line num="19" type="stmt" count="35"/>
      <metrics loc="19" ncloc="16" classes="0" methods="0" coveredmethods="0" conditionals="0" coveredconditionals="0" statements="8" coveredstatements="8" elements="8" coveredelements="8"/>
    </file>
    <file name="/home/red_beard/Desktop/PHP/Packages/LaravelKyanda/src/KyandaServiceProvider.php">
      <class name="Nabcellent\Kyanda\KyandaServiceProvider" namespace="global">
        <metrics complexity="6" methods="5" coveredmethods="4" conditionals="0" coveredconditionals="0" statements="35" coveredstatements="32" elements="40" coveredelements="36"/>
      </class>
      <line num="20" type="method" name="register" visibility="public" complexity="1" crap="1" count="35"/>
      <line num="22" type="stmt" count="35"/>
      <line num="25" type="stmt" count="35"/>
      <line num="26" type="stmt" count="11"/>
      <line num="27" type="stmt" count="35"/>
      <line num="28" type="stmt" count="35"/>
      <line num="35" type="method" name="boot" visibility="public" complexity="1" crap="1" count="35"/>
      <line num="37" type="stmt" count="35"/>
      <line num="38" type="stmt" count="35"/>
      <line num="39" type="stmt" count="35"/>
      <line num="40" type="stmt" count="35"/>
      <line num="42" type="stmt" count="35"/>
      <line num="44" type="stmt" count="35"/>
      <line num="46" type="stmt" count="35"/>
      <line num="48" type="stmt" count="35"/>
      <line num="53" type="method" name="registerFacades" visibility="private" complexity="1" crap="1.01" count="35"/>
      <line num="57" type="stmt" count="35"/>
      <line num="58" type="stmt" count="35"/>
      <line num="59" type="stmt" count="35"/>
      <line num="60" type="stmt" count="0"/>
      <line num="61" type="stmt" count="35"/>
      <line num="64" type="stmt" count="35"/>
      <line num="65" type="stmt" count="35"/>
      <line num="66" type="stmt" count="35"/>
      <line num="67" type="stmt" count="0"/>
      <line num="68" type="stmt" count="35"/>
      <line num="71" type="stmt" count="35"/>
      <line num="72" type="stmt" count="35"/>
      <line num="73" type="stmt" count="35"/>
      <line num="74" type="stmt" count="0"/>
      <line num="75" type="stmt" count="35"/>
      <line num="77" type="stmt" count="35"/>
      <line num="94" type="method" name="registerMigrations" visibility="protected" complexity="1" crap="1" count="35"/>
      <line num="96" type="stmt" count="35"/>
      <line num="97" type="stmt" count="35"/>
      <line num="104" type="method" name="registerCommands" visibility="protected" complexity="2" crap="2" count="35"/>
      <line num="106" type="stmt" count="35"/>
      <line num="107" type="stmt" count="35"/>
      <line num="108" type="stmt" count="35"/>
      <line num="112" type="stmt" count="35"/>
      <metrics loc="113" ncloc="81" classes="1" methods="5" coveredmethods="4" conditionals="0" coveredconditionals="0" statements="35" coveredstatements="32" elements="40" coveredelements="36"/>
    </file>
    <file name="/home/red_beard/Desktop/PHP/Packages/LaravelKyanda/src/Library/Account.php">
      <class name="Nabcellent\Kyanda\Library\Account" namespace="global">
        <metrics complexity="2" methods="2" coveredmethods="2" conditionals="0" coveredconditionals="0" statements="5" coveredstatements="5" elements="7" coveredelements="7"/>
      </class>
      <line num="20" type="method" name="balance" visibility="public" complexity="1" crap="1" count="1"/>
      <line num="22" type="stmt" count="1"/>
      <line num="34" type="method" name="transactionStatus" visibility="public" complexity="1" crap="1" count="2"/>
      <line num="36" type="stmt" count="2"/>
      <line num="38" type="stmt" count="2"/>
      <line num="39" type="stmt" count="2"/>
      <line num="42" type="stmt" count="2"/>
      <metrics loc="44" ncloc="27" classes="1" methods="2" coveredmethods="2" conditionals="0" coveredconditionals="0" statements="5" coveredstatements="5" elements="7" coveredelements="7"/>
    </file>
    <file name="/home/red_beard/Desktop/PHP/Packages/LaravelKyanda/src/Library/BaseClient.php">
      <class name="Nabcellent\Kyanda\Library\BaseClient" namespace="global">
        <metrics complexity="1" methods="1" coveredmethods="1" conditionals="0" coveredconditionals="0" statements="2" coveredstatements="2" elements="3" coveredelements="3"/>
      </class>
      <line num="21" type="method" name="__construct" visibility="public" complexity="1" crap="1" count="25"/>
      <line num="23" type="stmt" count="25"/>
      <metrics loc="24" ncloc="12" classes="1" methods="1" coveredmethods="1" conditionals="0" coveredconditionals="0" statements="2" coveredstatements="2" elements="3" coveredelements="3"/>
    </file>
    <file name="/home/red_beard/Desktop/PHP/Packages/LaravelKyanda/src/Library/Core.php">
      <class name="Nabcellent\Kyanda\Library\Core" namespace="global">
        <metrics complexity="18" methods="6" coveredmethods="5" conditionals="0" coveredconditionals="0" statements="66" coveredstatements="65" elements="72" coveredelements="70"/>
      </class>
      <line num="29" type="method" name="__construct" visibility="public" complexity="1" crap="1" count="24"/>
      <line num="31" type="stmt" count="24"/>
      <line num="38" type="method" name="sendRequest" visibility="public" complexity="4" crap="4" count="15"/>
      <line num="40" type="stmt" count="15"/>
      <line num="41" type="stmt" count="15"/>
      <line num="42" type="stmt" count="2"/>
      <line num="44" type="stmt" count="13"/>
      <line num="45" type="stmt" count="13"/>
      <line num="46" type="stmt" count="1"/>
      <line num="50" type="stmt" count="12"/>
      <line num="51" type="stmt" count="1"/>
      <line num="52" type="stmt" count="11"/>
      <line num="53" type="stmt" count="12"/>
      <line num="55" type="stmt" count="12"/>
      <line num="57" type="stmt" count="12"/>
      <line num="58" type="stmt" count="12"/>
      <line num="60" type="stmt" count="12"/>
      <line num="67" type="method" name="request" visibility="public" complexity="4" crap="4.01" count="13"/>
      <line num="69" type="stmt" count="13"/>
      <line num="75" type="stmt" count="12"/>
      <line num="76" type="stmt" count="10"/>
      <line num="78" type="stmt" count="10"/>
      <line num="79" type="stmt" count="1"/>
      <line num="80" type="stmt" count="1"/>
      <line num="81" type="stmt" count="0"/>
      <line num="82" type="stmt" count="1"/>
      <line num="85" type="stmt" count="9"/>
      <line num="86" type="stmt" count="3"/>
      <line num="87" type="stmt" count="1"/>
      <line num="91" type="method" name="buildSignature" visibility="private" complexity="2" crap="2" count="12"/>
      <line num="94" type="stmt" count="12"/>
      <line num="95" type="stmt" count="1"/>
      <line num="98" type="stmt" count="12"/>
      <line num="100" type="stmt" count="12"/>
      <line num="102" type="stmt" count="12"/>
      <line num="110" type="method" name="getTelcoFromPhone" visibility="public" complexity="2" crap="2" count="7"/>
      <line num="112" type="stmt" count="7"/>
      <line num="113" type="stmt" count="7"/>
      <line num="114" type="stmt" count="7"/>
      <line num="115" type="stmt" count="7"/>
      <line num="116" type="stmt" count="7"/>
      <line num="118" type="stmt" count="7"/>
      <line num="119" type="stmt" count="7"/>
      <line num="120" type="stmt" count="5"/>
      <line num="121" type="stmt" count="5"/>
      <line num="122" type="stmt" count="5"/>
      <line num="123" type="stmt" count="4"/>
      <line num="124" type="stmt" count="3"/>
      <line num="127" type="stmt" count="7"/>
      <line num="128" type="stmt" count="3"/>
      <line num="131" type="stmt" count="4"/>
      <line num="137" type="method" name="formatPhoneNumber" visibility="public" complexity="5" crap="5" count="7"/>
      <line num="139" type="stmt" count="7"/>
      <line num="141" type="stmt" count="7"/>
      <line num="143" type="stmt" count="7"/>
      <line num="145" type="stmt" count="1"/>
      <line num="148" type="stmt" count="7"/>
      <line num="149" type="stmt" count="7"/>
      <line num="150" type="stmt" count="5"/>
      <line num="151" type="stmt" count="5"/>
      <line num="152" type="stmt" count="5"/>
      <line num="154" type="stmt" count="7"/>
      <line num="156" type="stmt" count="7"/>
      <line num="157" type="stmt" count="7"/>
      <line num="158" type="stmt" count="7"/>
      <line num="159" type="stmt" count="7"/>
      <line num="161" type="stmt" count="7"/>
      <line num="162" type="stmt" count="7"/>
      <line num="165" type="stmt" count="7"/>
      <line num="169" type="stmt" count="1"/>
      <line num="172" type="stmt" count="6"/>
      <metrics loc="174" ncloc="149" classes="1" methods="6" coveredmethods="5" conditionals="0" coveredconditionals="0" statements="66" coveredstatements="65" elements="72" coveredelements="70"/>
    </file>
    <file name="/home/red_beard/Desktop/PHP/Packages/LaravelKyanda/src/Library/Endpoints.php">
      <class name="Nabcellent\Kyanda\Library\Endpoints" namespace="global">
        <metrics complexity="5" methods="3" coveredmethods="3" conditionals="0" coveredconditionals="0" statements="8" coveredstatements="8" elements="11" coveredelements="11"/>
      </class>
      <line num="28" type="method" name="getEndpoint" visibility="private" complexity="2" crap="2" count="17"/>
      <line num="30" type="stmt" count="17"/>
      <line num="31" type="stmt" count="15"/>
      <line num="34" type="stmt" count="2"/>
      <line num="42" type="method" name="getUrl" visibility="private" complexity="2" crap="2" count="15"/>
      <line num="44" type="stmt" count="15"/>
      <line num="46" type="stmt" count="15"/>
      <line num="47" type="stmt" count="1"/>
      <line num="50" type="stmt" count="14"/>
      <line num="56" type="method" name="build" visibility="public" complexity="1" crap="1" count="17"/>
      <line num="58" type="stmt" count="17"/>
      <metrics loc="60" ncloc="47" classes="1" methods="3" coveredmethods="3" conditionals="0" coveredconditionals="0" statements="8" coveredstatements="8" elements="11" coveredelements="11"/>
    </file>
    <file name="/home/red_beard/Desktop/PHP/Packages/LaravelKyanda/src/Library/Notification.php">
      <class name="Nabcellent\Kyanda\Library\Notification" namespace="global">
        <metrics complexity="2" methods="1" coveredmethods="1" conditionals="0" coveredconditionals="0" statements="5" coveredstatements="5" elements="6" coveredelements="6"/>
      </class>
      <line num="22" type="method" name="registerCallbackURL" visibility="public" complexity="2" crap="2" count="2"/>
      <line num="24" type="stmt" count="2"/>
      <line num="26" type="stmt" count="2"/>
      <line num="27" type="stmt" count="1"/>
      <line num="30" type="stmt" count="1"/>
      <line num="32" type="stmt" count="1"/>
      <metrics loc="34" ncloc="22" classes="1" methods="1" coveredmethods="1" conditionals="0" coveredconditionals="0" statements="5" coveredstatements="5" elements="6" coveredelements="6"/>
    </file>
    <file name="/home/red_beard/Desktop/PHP/Packages/LaravelKyanda/src/Library/Payments.php">
      <class name="Nabcellent\Kyanda\Library\Payments" namespace="global">
        <metrics complexity="0" methods="0" coveredmethods="0" conditionals="0" coveredconditionals="0" statements="0" coveredstatements="0" elements="0" coveredelements="0"/>
      </class>
      <metrics loc="21" ncloc="11" classes="0" methods="0" coveredmethods="0" conditionals="0" coveredconditionals="0" statements="0" coveredstatements="0" elements="0" coveredelements="0"/>
    </file>
    <file name="/home/red_beard/Desktop/PHP/Packages/LaravelKyanda/src/Library/Providers.php">
      <class name="Nabcellent\Kyanda\Library\Providers" namespace="global">
        <metrics complexity="0" methods="0" coveredmethods="0" conditionals="0" coveredconditionals="0" statements="0" coveredstatements="0" elements="0" coveredelements="0"/>
      </class>
      <metrics loc="20" ncloc="20" classes="0" methods="0" coveredmethods="0" conditionals="0" coveredconditionals="0" statements="0" coveredstatements="0" elements="0" coveredelements="0"/>
    </file>
    <file name="/home/red_beard/Desktop/PHP/Packages/LaravelKyanda/src/Library/Utility.php">
      <class name="Nabcellent\Kyanda\Library\Utility" namespace="global">
        <metrics complexity="7" methods="3" coveredmethods="2" conditionals="0" coveredconditionals="0" statements="33" coveredstatements="32" elements="36" coveredelements="34"/>
      </class>
      <line num="27" type="method" name="airtimePurchase" visibility="public" complexity="2" crap="2" count="5"/>
      <line num="29" type="stmt" count="5"/>
      <line num="30" type="stmt" count="3"/>
      <line num="34" type="stmt" count="3"/>
      <line num="35" type="stmt" count="3"/>
      <line num="36" type="stmt" count="3"/>
      <line num="37" type="stmt" count="3"/>
      <line num="38" type="stmt" count="3"/>
      <line num="41" type="stmt" count="3"/>
      <line num="43" type="stmt" count="3"/>
      <line num="44" type="stmt" count="2"/>
      <line num="47" type="stmt" count="1"/>
      <line num="62" type="method" name="billPayment" visibility="public" complexity="3" crap="3.00" count="3"/>
      <line num="72" type="stmt" count="3"/>
      <line num="82" type="stmt" count="3"/>
      <line num="83" type="stmt" count="1"/>
      <line num="86" type="stmt" count="2"/>
      <line num="89" type="stmt" count="2"/>
      <line num="90" type="stmt" count="2"/>
      <line num="91" type="stmt" count="2"/>
      <line num="92" type="stmt" count="2"/>
      <line num="93" type="stmt" count="2"/>
      <line num="96" type="stmt" count="2"/>
      <line num="98" type="stmt" count="2"/>
      <line num="99" type="stmt" count="2"/>
      <line num="102" type="stmt" count="0"/>
      <line num="110" type="method" name="saveRequest" visibility="private" complexity="2" crap="2" count="4"/>
      <line num="112" type="stmt" count="4"/>
      <line num="113" type="stmt" count="3"/>
      <line num="114" type="stmt" count="3"/>
      <line num="115" type="stmt" count="3"/>
      <line num="116" type="stmt" count="3"/>
      <line num="117" type="stmt" count="3"/>
      <line num="121" type="stmt" count="3"/>
      <line num="122" type="stmt" count="3"/>
      <line num="126" type="stmt" count="1"/>
      <metrics loc="128" ncloc="97" classes="1" methods="3" coveredmethods="2" conditionals="0" coveredconditionals="0" statements="33" coveredstatements="32" elements="36" coveredelements="34"/>
    </file>
    <file name="/home/red_beard/Desktop/PHP/Packages/LaravelKyanda/src/Models/KyandaRequest.php">
      <class name="Nabcellent\Kyanda\Models\KyandaRequest" namespace="global">
        <metrics complexity="1" methods="1" coveredmethods="0" conditionals="0" coveredconditionals="0" statements="1" coveredstatements="0" elements="2" coveredelements="0"/>
      </class>
      <line num="30" type="method" name="transaction" visibility="public" complexity="1" crap="2" count="0"/>
      <line num="32" type="stmt" count="0"/>
      <metrics loc="34" ncloc="20" classes="1" methods="1" coveredmethods="0" conditionals="0" coveredconditionals="0" statements="1" coveredstatements="0" elements="2" coveredelements="0"/>
    </file>
    <file name="/home/red_beard/Desktop/PHP/Packages/LaravelKyanda/src/Models/KyandaTransaction.php">
      <class name="Nabcellent\Kyanda\Models\KyandaTransaction" namespace="global">
        <metrics complexity="1" methods="1" coveredmethods="0" conditionals="0" coveredconditionals="0" statements="1" coveredstatements="0" elements="2" coveredelements="0"/>
      </class>
      <line num="40" type="method" name="request" visibility="public" complexity="1" crap="2" count="0"/>
      <line num="42" type="stmt" count="0"/>
      <metrics loc="44" ncloc="25" classes="1" methods="1" coveredmethods="0" conditionals="0" coveredconditionals="0" statements="1" coveredstatements="0" elements="2" coveredelements="0"/>
    </file>
    <file name="/home/red_beard/Desktop/PHP/Packages/LaravelKyanda/src/Repositories/Kyanda.php">
      <class name="Nabcellent\Kyanda\Repositories\Kyanda" namespace="global">
        <metrics complexity="6" methods="2" coveredmethods="0" conditionals="0" coveredconditionals="0" statements="17" coveredstatements="0" elements="19" coveredelements="0"/>
      </class>
      <line num="18" type="method" name="queryTransactionStatus" visibility="public" complexity="4" crap="20" count="0"/>
      <line num="21" type="stmt" count="0"/>
      <line num="22" type="stmt" count="0"/>
      <line num="24" type="stmt" count="0"/>
      <line num="26" type="stmt" count="0"/>
      <line num="28" type="stmt" count="0"/>
      <line num="29" type="stmt" count="0"/>
      <line num="30" type="stmt" count="0"/>
      <line num="33" type="stmt" count="0"/>
      <line num="35" type="stmt" count="0"/>
      <line num="37" type="stmt" count="0"/>
      <line num="38" type="stmt" count="0"/>
      <line num="39" type="stmt" count="0"/>
      <line num="42" type="stmt" count="0"/>
      <line num="49" type="method" name="fireKyandaEvent" visibility="private" complexity="2" crap="6" count="0"/>
      <line num="51" type="stmt" count="0"/>
      <line num="52" type="stmt" count="0"/>
      <line num="54" type="stmt" count="0"/>
      <line num="56" type="stmt" count="0"/>
      <metrics loc="57" ncloc="50" classes="1" methods="2" coveredmethods="0" conditionals="0" coveredconditionals="0" statements="17" coveredstatements="0" elements="19" coveredelements="0"/>
    </file>
    <metrics files="24" loc="1175" ncloc="877" classes="18" methods="41" coveredmethods="26" conditionals="0" coveredconditionals="0" statements="223" coveredstatements="179" elements="264" coveredelements="205"/>
  </project>
</coverage>
